2022-11-16 14:15:21,769 [20] [cmk.mkeventd] -----------------------------------------------------------------
2022-11-16 14:15:21,769 [20] [cmk.mkeventd] mkeventd version 2.0.0p30 starting
2022-11-16 14:15:21,770 [20] [cmk.mkeventd.EventServer] Created FIFO '/omd/sites/cmk/tmp/run/mkeventd/events' for receiving events
2022-11-16 14:15:21,770 [20] [cmk.mkeventd.EventServer] Opened UNIX socket '/omd/sites/cmk/tmp/run/mkeventd/eventsocket' for receiving events
2022-11-16 14:15:21,770 [20] [cmk.mkeventd.EventServer] Compiled 0 active rules (ignoring 0 disabled rules)
2022-11-16 14:15:21,770 [20] [cmk.mkeventd.EventServer] Rule hash: 0 rules - 0 hashed, 0 unspecific
2022-11-16 14:15:21,773 [20] [cmk.mkeventd] Daemonized with PID 466.
2022-11-16 14:15:21,775 [20] [cmk.mkeventd.StatusServer] Starting up
2022-11-16 14:15:21,775 [20] [cmk.mkeventd.EventServer] Starting up
2022-11-16 15:05:53,851 [20] [cmk.mkeventd] Signalled to death by signal 15
2022-11-16 15:05:53,876 [20] [cmk.mkeventd.StatusServer] Terminated
2022-11-16 15:05:54,662 [20] [cmk.mkeventd.EventServer] Terminated
2022-11-16 15:05:54,776 [20] [cmk.mkeventd.EventServer] Top 20 of facility/priority:
2022-11-16 15:05:54,776 [20] [cmk.mkeventd] Successfully shut down.
2022-11-16 15:06:55,058 [20] [cmk.mkeventd] -----------------------------------------------------------------
2022-11-16 15:06:55,058 [20] [cmk.mkeventd] mkeventd version 2.0.0p30 starting
2022-11-16 15:06:55,058 [20] [cmk.mkeventd.EventServer] Created FIFO '/omd/sites/cmk/tmp/run/mkeventd/events' for receiving events
2022-11-16 15:06:55,058 [20] [cmk.mkeventd.EventServer] Opened UNIX socket '/omd/sites/cmk/tmp/run/mkeventd/eventsocket' for receiving events
2022-11-16 15:06:55,059 [20] [cmk.mkeventd.EventStatus] Loaded event state from /omd/sites/cmk/var/mkeventd/status.
2022-11-16 15:06:55,059 [20] [cmk.mkeventd.EventServer] Compiled 0 active rules (ignoring 0 disabled rules)
2022-11-16 15:06:55,059 [20] [cmk.mkeventd.EventServer] Rule hash: 0 rules - 0 hashed, 0 unspecific
2022-11-16 15:06:55,063 [20] [cmk.mkeventd] Daemonized with PID 18554.
2022-11-16 15:06:55,065 [20] [cmk.mkeventd.StatusServer] Starting up
2022-11-16 15:06:55,065 [20] [cmk.mkeventd.EventServer] Starting up
2022-11-16 18:06:22,532 [20] [cmk.mkeventd] Signalled to death by signal 15
2022-11-16 18:06:22,652 [20] [cmk.mkeventd.StatusServer] Terminated
2022-11-16 18:06:22,997 [20] [cmk.mkeventd.EventServer] Terminated
2022-11-16 18:06:23,109 [20] [cmk.mkeventd.EventServer] Top 20 of facility/priority:
2022-11-16 18:06:23,110 [20] [cmk.mkeventd] Successfully shut down.
