2022-11-16 14:19:04,131 [20] [cmk.base.notify] ----------------------------------------------------------------------
2022-11-16 14:19:04,131 [20] [cmk.base.notify] Got raw notification (localhost;Postfix status) context with 52 variables
2022-11-16 14:19:04,133 [20] [cmk.base.notify] Global rule 'Notify all contacts of a host/service via HTML email'...
2022-11-16 14:19:04,133 [20] [cmk.base.notify]  -> matches!
2022-11-16 14:19:04,133 [20] [cmk.base.notify] 1 rules matched, but no notification has been created.
2022-11-16 14:34:24,714 [20] [cmk.base.notify] ----------------------------------------------------------------------
2022-11-16 14:34:24,714 [20] [cmk.base.notify] Got raw notification (node01;Check_MK Discovery) context with 52 variables
2022-11-16 14:34:24,716 [20] [cmk.base.notify] Global rule 'Notify all contacts of a host/service via HTML email'...
2022-11-16 14:34:24,716 [20] [cmk.base.notify]  -> matches!
2022-11-16 14:34:24,716 [20] [cmk.base.notify] 1 rules matched, but no notification has been created.
2022-11-16 14:48:26,242 [20] [cmk.base.notify] ----------------------------------------------------------------------
2022-11-16 14:48:26,242 [20] [cmk.base.notify] Got raw notification (node01;PING) context with 52 variables
2022-11-16 14:48:26,243 [20] [cmk.base.notify] Global rule 'Notify all contacts of a host/service via HTML email'...
2022-11-16 14:48:26,244 [20] [cmk.base.notify]  -> matches!
2022-11-16 14:48:26,244 [20] [cmk.base.notify] 1 rules matched, but no notification has been created.
2022-11-16 14:48:30,355 [20] [cmk.base.notify] ----------------------------------------------------------------------
2022-11-16 14:48:30,356 [20] [cmk.base.notify] Got raw notification (node01) context with 36 variables
2022-11-16 14:48:30,357 [20] [cmk.base.notify] Global rule 'Notify all contacts of a host/service via HTML email'...
2022-11-16 14:48:30,357 [20] [cmk.base.notify]  -> matches!
2022-11-16 14:48:30,357 [20] [cmk.base.notify] 1 rules matched, but no notification has been created.
2022-11-16 14:49:23,360 [20] [cmk.base.notify] ----------------------------------------------------------------------
2022-11-16 14:49:23,360 [20] [cmk.base.notify] Got raw notification (node01;PING) context with 52 variables
2022-11-16 14:49:23,361 [20] [cmk.base.notify] Global rule 'Notify all contacts of a host/service via HTML email'...
2022-11-16 14:49:23,362 [20] [cmk.base.notify]  -> matches!
2022-11-16 14:49:23,362 [20] [cmk.base.notify] 1 rules matched, but no notification has been created.
2022-11-16 14:49:24,704 [20] [cmk.base.notify] ----------------------------------------------------------------------
2022-11-16 14:49:24,704 [20] [cmk.base.notify] Got raw notification (node01) context with 36 variables
2022-11-16 14:49:24,705 [20] [cmk.base.notify] Global rule 'Notify all contacts of a host/service via HTML email'...
2022-11-16 14:49:24,705 [20] [cmk.base.notify]  -> matches!
2022-11-16 14:49:24,705 [20] [cmk.base.notify] 1 rules matched, but no notification has been created.
2022-11-16 14:50:48,207 [20] [cmk.base.notify] ----------------------------------------------------------------------
2022-11-16 14:50:48,207 [20] [cmk.base.notify] Got raw notification (node01) context with 36 variables
2022-11-16 14:50:48,208 [20] [cmk.base.notify] Global rule 'Notify all contacts of a host/service via HTML email'...
2022-11-16 14:50:48,208 [20] [cmk.base.notify]  -> matches!
2022-11-16 14:50:48,208 [20] [cmk.base.notify] 1 rules matched, but no notification has been created.
2022-11-16 14:51:24,632 [20] [cmk.base.notify] ----------------------------------------------------------------------
2022-11-16 14:51:24,632 [20] [cmk.base.notify] Got raw notification (node01) context with 36 variables
2022-11-16 14:51:24,633 [20] [cmk.base.notify] Global rule 'Notify all contacts of a host/service via HTML email'...
2022-11-16 14:51:24,633 [20] [cmk.base.notify]  -> matches!
2022-11-16 14:51:24,633 [20] [cmk.base.notify] 1 rules matched, but no notification has been created.
2022-11-16 14:51:25,960 [20] [cmk.base.notify] ----------------------------------------------------------------------
2022-11-16 14:51:25,961 [20] [cmk.base.notify] Got raw notification (node01) context with 36 variables
2022-11-16 14:51:25,962 [20] [cmk.base.notify] Global rule 'Notify all contacts of a host/service via HTML email'...
2022-11-16 14:51:25,962 [20] [cmk.base.notify]  -> matches!
2022-11-16 14:51:25,962 [20] [cmk.base.notify] 1 rules matched, but no notification has been created.
2022-11-16 15:10:27,926 [20] [cmk.base.notify] ----------------------------------------------------------------------
2022-11-16 15:10:27,926 [20] [cmk.base.notify] Got raw notification (localhost;OMD cmk status) context with 52 variables
2022-11-16 15:10:27,928 [20] [cmk.base.notify] Global rule 'Notify all contacts of a host/service via HTML email'...
2022-11-16 15:10:27,928 [20] [cmk.base.notify]  -> matches!
2022-11-16 15:10:27,929 [20] [cmk.base.notify] 1 rules matched, but no notification has been created.
2022-11-16 15:11:31,449 [20] [cmk.base.notify] ----------------------------------------------------------------------
2022-11-16 15:11:31,449 [20] [cmk.base.notify] Got raw notification (node01) context with 36 variables
2022-11-16 15:11:31,450 [20] [cmk.base.notify] Global rule 'Notify all contacts of a host/service via HTML email'...
2022-11-16 15:11:31,450 [20] [cmk.base.notify]  -> matches!
2022-11-16 15:11:31,450 [20] [cmk.base.notify] 1 rules matched, but no notification has been created.
2022-11-16 15:12:27,409 [20] [cmk.base.notify] ----------------------------------------------------------------------
2022-11-16 15:12:27,409 [20] [cmk.base.notify] Got raw notification (localhost;OMD cmk status) context with 52 variables
2022-11-16 15:12:27,411 [20] [cmk.base.notify] Global rule 'Notify all contacts of a host/service via HTML email'...
2022-11-16 15:12:27,411 [20] [cmk.base.notify]  -> matches!
2022-11-16 15:12:27,411 [20] [cmk.base.notify] 1 rules matched, but no notification has been created.
2022-11-16 15:17:57,230 [20] [cmk.base.notify] ----------------------------------------------------------------------
2022-11-16 15:17:57,231 [20] [cmk.base.notify] Got raw notification (localhost;Check-Backup-Error) context with 52 variables
2022-11-16 15:17:57,232 [20] [cmk.base.notify] Global rule 'Notify all contacts of a host/service via HTML email'...
2022-11-16 15:17:57,232 [20] [cmk.base.notify]  -> matches!
2022-11-16 15:17:57,233 [20] [cmk.base.notify] 1 rules matched, but no notification has been created.
2022-11-16 15:17:58,498 [20] [cmk.base.notify] ----------------------------------------------------------------------
2022-11-16 15:17:58,498 [20] [cmk.base.notify] Got raw notification (node01;Check-Backup-Error) context with 52 variables
2022-11-16 15:17:58,499 [20] [cmk.base.notify] Global rule 'Notify all contacts of a host/service via HTML email'...
2022-11-16 15:17:58,499 [20] [cmk.base.notify]  -> matches!
2022-11-16 15:17:58,499 [20] [cmk.base.notify] 1 rules matched, but no notification has been created.
2022-11-16 17:50:25,425 [20] [cmk.base.notify] ----------------------------------------------------------------------
2022-11-16 17:50:25,425 [20] [cmk.base.notify] Got raw notification (localhost;CheckBackupError) context with 52 variables
2022-11-16 17:50:25,427 [20] [cmk.base.notify] Global rule 'Notify all contacts of a host/service via HTML email'...
2022-11-16 17:50:25,427 [20] [cmk.base.notify]  -> matches!
2022-11-16 17:50:25,427 [20] [cmk.base.notify] 1 rules matched, but no notification has been created.
2022-11-16 17:50:26,881 [20] [cmk.base.notify] ----------------------------------------------------------------------
2022-11-16 17:50:26,881 [20] [cmk.base.notify] Got raw notification (node01;CheckBackupError) context with 52 variables
2022-11-16 17:50:26,882 [20] [cmk.base.notify] Global rule 'Notify all contacts of a host/service via HTML email'...
2022-11-16 17:50:26,882 [20] [cmk.base.notify]  -> matches!
2022-11-16 17:50:26,882 [20] [cmk.base.notify] 1 rules matched, but no notification has been created.
2022-11-16 18:01:04,323 [20] [cmk.base.notify] ----------------------------------------------------------------------
2022-11-16 18:01:04,323 [20] [cmk.base.notify] Got raw notification (localhost;CheckBackupError) context with 52 variables
2022-11-16 18:01:04,325 [20] [cmk.base.notify] Global rule 'Notify all contacts of a host/service via HTML email'...
2022-11-16 18:01:04,325 [20] [cmk.base.notify]  -> matches!
2022-11-16 18:01:04,325 [20] [cmk.base.notify] 1 rules matched, but no notification has been created.
