566:C 16 Nov 2022 14:15:21.951 # oO0OoO0OoO0Oo Redis is starting oO0OoO0OoO0Oo
566:C 16 Nov 2022 14:15:21.951 # Redis version=6.1.240, bits=64, commit=a46fc3f7, modified=1, pid=566, just started
566:C 16 Nov 2022 14:15:21.951 # Configuration loaded
566:M 16 Nov 2022 14:15:21.952 * monotonic clock: POSIX clock_gettime
566:M 16 Nov 2022 14:15:21.952 * Running mode=standalone, port=0.
566:M 16 Nov 2022 14:15:21.952 # Server initialized
566:M 16 Nov 2022 14:15:21.952 # WARNING overcommit_memory is set to 0! Background save may fail under low memory condition. To fix this issue add 'vm.overcommit_memory = 1' to /etc/sysctl.conf and then reboot or run the command 'sysctl vm.overcommit_memory=1' for this to take effect.
566:M 16 Nov 2022 14:15:21.953 * The server is now ready to accept connections at /omd/sites/cmk/tmp/run/redis
566:signal-handler (1668607550) Received SIGTERM scheduling shutdown...
566:M 16 Nov 2022 15:05:50.175 # User requested shutdown...
566:M 16 Nov 2022 15:05:50.175 * Removing the pid file.
566:M 16 Nov 2022 15:05:50.175 * Removing the unix socket file.
566:M 16 Nov 2022 15:05:50.175 # Redis is now ready to exit, bye bye...
18659:C 16 Nov 2022 15:06:55.240 # oO0OoO0OoO0Oo Redis is starting oO0OoO0OoO0Oo
18659:C 16 Nov 2022 15:06:55.240 # Redis version=6.1.240, bits=64, commit=a46fc3f7, modified=1, pid=18659, just started
18659:C 16 Nov 2022 15:06:55.240 # Configuration loaded
18659:M 16 Nov 2022 15:06:55.241 * monotonic clock: POSIX clock_gettime
18659:M 16 Nov 2022 15:06:55.241 * Running mode=standalone, port=0.
18659:M 16 Nov 2022 15:06:55.241 # Server initialized
18659:M 16 Nov 2022 15:06:55.241 # WARNING overcommit_memory is set to 0! Background save may fail under low memory condition. To fix this issue add 'vm.overcommit_memory = 1' to /etc/sysctl.conf and then reboot or run the command 'sysctl vm.overcommit_memory=1' for this to take effect.
18659:M 16 Nov 2022 15:06:55.242 * The server is now ready to accept connections at /omd/sites/cmk/tmp/run/redis
18659:signal-handler (1668618377) Received SIGTERM scheduling shutdown...
18659:M 16 Nov 2022 18:06:17.690 # User requested shutdown...
18659:M 16 Nov 2022 18:06:17.690 * Removing the pid file.
18659:M 16 Nov 2022 18:06:17.691 * Removing the unix socket file.
18659:M 16 Nov 2022 18:06:17.691 # Redis is now ready to exit, bye bye...
